[09:30:52] [main/INFO] (FabricLoader/GameProvider) Loading Minecraft 1.19.2 with Fabric Loader 0.14.17
[09:30:52] [main/INFO] (FabricLoader) Loading 48 mods:
	- fabric-api 0.75.1+1.19.2
	- fabric-api-base 0.4.15+8f4e8eb390
	- fabric-api-lookup-api-v1 1.6.14+93d8cb8290
	- fabric-biome-api-v1 9.1.0+82db024a90
	- fabric-block-api-v1 1.0.2+e415d50e90
	- fabric-blockrenderlayer-v1 1.1.25+cafc6e8e90
	- fabric-client-tags-api-v1 1.0.5+b35fea8390
	- fabric-command-api-v2 2.2.1+413cbbc790
	- fabric-content-registries-v0 3.5.1+7c6cd14d90
	- fabric-convention-tags-v1 1.2.2+27265b3490
	- fabric-crash-report-info-v1 0.2.8+aeb40ebe90
	- fabric-data-generation-api-v1 5.3.7+413cbbc790
	- fabric-dimensions-v1 2.1.35+0d0f210290
	- fabric-entity-events-v1 1.5.4+9244241690
	- fabric-events-interaction-v0 0.4.34+562bff6e90
	- fabric-game-rule-api-v1 1.0.24+b6b6abb490
	- fabric-gametest-api-v1 1.1.7+4d0d570390
	- fabric-item-api-v1 1.6.5+dce4603e90
	- fabric-item-groups-v0 0.3.38+9244241690
	- fabric-key-binding-api-v1 1.0.25+5c4fce2890
	- fabric-lifecycle-events-v1 2.2.4+1b46dc7890
	- fabric-loot-api-v2 1.1.12+83a8659290
	- fabric-message-api-v1 5.0.7+93d8cb8290
	- fabric-mining-level-api-v1 2.1.23+33fbc73890
	- fabric-models-v0 0.3.21+c6af733c90
	- fabric-networking-api-v1 1.2.11+10eb22f490
	- fabric-object-builder-api-v1 4.2.1+d8ef690890
	- fabric-particles-v1 1.0.14+4d0d570390
	- fabric-recipe-api-v1 1.0.1+413cbbc790
	- fabric-registry-sync-v0 0.9.32+9244241690
	- fabric-renderer-api-v1 1.2.1+1adbf27790
	- fabric-renderer-indigo 0.8.0+1adbf27790
	- fabric-rendering-data-attachment-v1 0.3.19+6e0787e690
	- fabric-rendering-fluids-v1 3.0.11+4d0d570390
	- fabric-rendering-v1 1.12.1+d8ef690890
	- fabric-resource-conditions-api-v1 2.1.2+aae9039d90
	- fabric-resource-loader-v0 0.8.3+251d254a90
	- fabric-screen-api-v1 1.0.32+4d0d570390
	- fabric-screen-handler-api-v1 1.3.7+1cc24b1b90
	- fabric-sound-api-v1 1.0.2+c4f28df590
	- fabric-textures-v0 1.0.24+aeb40ebe90
	- fabric-transfer-api-v1 2.1.6+413cbbc790
	- fabric-transitive-access-wideners-v1 1.3.3+08b73de490
	- fabricloader 0.14.17
	- java 17
	- minecraft 1.19.2
	- modmenu 4.2.0-beta.2
	- utilized-copper 0.0.1-1.19.2
[09:31:01] [main/INFO] (FabricLoader/Mixin) SpongePowered MIXIN Subsystem Version=0.8.5 Source=file:/home/steve/.gradle/caches/modules-2/files-2.1/net.fabricmc/sponge-mixin/0.12.4+mixin.0.8.5/e13b4069fe3555969811d4474f78576c707bbe1c/sponge-mixin-0.12.4+mixin.0.8.5.jar Service=Knot/Fabric Env=CLIENT
[09:31:01] [main/INFO] (FabricLoader/Mixin) Loaded Fabric development mappings for mixin remapper!
[09:31:01] [main/INFO] (FabricLoader/Mixin) Compatibility level set to JAVA_16
[09:31:01] [main/INFO] (FabricLoader/Mixin) Compatibility level set to JAVA_17
[09:31:10] [main/INFO] (Minecraft) Building optimized datafixer
[09:31:17] [Render thread/INFO] (Minecraft) Environment: authHost='https://authserver.mojang.com', accountsHost='https://api.mojang.com', sessionHost='https://sessionserver.mojang.com', servicesHost='https://api.minecraftservices.com', name='PROD'
[09:31:18] [Render thread/ERROR] (Minecraft) Failed to verify authentication
com.mojang.authlib.exceptions.InvalidCredentialsException: Status: 401
	at com.mojang.authlib.exceptions.MinecraftClientHttpException.toAuthenticationException(MinecraftClientHttpException.java:56) ~[authlib-3.11.49.jar:?]
	at com.mojang.authlib.yggdrasil.YggdrasilUserApiService.fetchProperties(YggdrasilUserApiService.java:155) ~[authlib-3.11.49.jar:?]
	at com.mojang.authlib.yggdrasil.YggdrasilUserApiService.<init>(YggdrasilUserApiService.java:55) ~[authlib-3.11.49.jar:?]
	at com.mojang.authlib.yggdrasil.YggdrasilAuthenticationService.createUserApiService(YggdrasilAuthenticationService.java:161) ~[authlib-3.11.49.jar:?]
	at net.minecraft.client.MinecraftClient.createUserApiService(MinecraftClient.java:699) [minecraft-merged-project-root-1.19.2-net.fabricmc.yarn.1_19_2.1.19.2+build.28-v2.jar:?]
	at net.minecraft.client.MinecraftClient.<init>(MinecraftClient.java:503) [minecraft-merged-project-root-1.19.2-net.fabricmc.yarn.1_19_2.1.19.2+build.28-v2.jar:?]
	at net.minecraft.client.main.Main.main(Main.java:184) [minecraft-merged-project-root-1.19.2-net.fabricmc.yarn.1_19_2.1.19.2+build.28-v2.jar:?]
	at net.minecraft.client.main.Main.main(Main.java:56) [minecraft-merged-project-root-1.19.2-net.fabricmc.yarn.1_19_2.1.19.2+build.28-v2.jar:?]
	at net.fabricmc.loader.impl.game.minecraft.MinecraftGameProvider.launch(MinecraftGameProvider.java:462) [fabric-loader-0.14.17.jar:?]
	at net.fabricmc.loader.impl.launch.knot.Knot.launch(Knot.java:74) [fabric-loader-0.14.17.jar:?]
	at net.fabricmc.loader.impl.launch.knot.KnotClient.main(KnotClient.java:23) [fabric-loader-0.14.17.jar:?]
	at net.fabricmc.devlaunchinjector.Main.main(Main.java:86) [dev-launch-injector-0.2.1+build.8.jar:?]
Caused by: com.mojang.authlib.exceptions.MinecraftClientHttpException: Status: 401
	at com.mojang.authlib.minecraft.client.MinecraftClient.readInputStream(MinecraftClient.java:85) ~[authlib-3.11.49.jar:?]
	at com.mojang.authlib.minecraft.client.MinecraftClient.get(MinecraftClient.java:48) ~[authlib-3.11.49.jar:?]
	at com.mojang.authlib.yggdrasil.YggdrasilUserApiService.fetchProperties(YggdrasilUserApiService.java:129) ~[authlib-3.11.49.jar:?]
	... 10 more
[09:31:18] [Render thread/INFO] (Minecraft) Setting user: Player4
[09:31:19] [Worker-Main-4/INFO] (Mod Menu/Update Checker) Checking mod updates...
[09:31:19] [Render thread/INFO] (Indigo) [Indigo] Registering Indigo renderer!
[09:31:21] [Render thread/INFO] (Minecraft) Backend library: LWJGL version 3.3.1 SNAPSHOT
[09:31:24] [Worker-Main-4/ERROR] (Minecraft) Failed to retrieve profile key pair
java.io.IOException: Could not retrieve profile key pair
	at net.minecraft.client.util.ProfileKeys.fetchKeyPair(ProfileKeys.java:175) ~[minecraft-merged-project-root-1.19.2-net.fabricmc.yarn.1_19_2.1.19.2+build.28-v2.jar:?]
	at net.minecraft.client.util.ProfileKeys.method_44291(ProfileKeys.java:79) ~[minecraft-merged-project-root-1.19.2-net.fabricmc.yarn.1_19_2.1.19.2+build.28-v2.jar:?]
	at java.util.concurrent.CompletableFuture$AsyncSupply.run(CompletableFuture.java:1768) [?:?]
	at java.util.concurrent.CompletableFuture$AsyncSupply.exec(CompletableFuture.java:1760) [?:?]
	at java.util.concurrent.ForkJoinTask.doExec(ForkJoinTask.java:373) [?:?]
	at java.util.concurrent.ForkJoinPool$WorkQueue.topLevelExec(ForkJoinPool.java:1182) [?:?]
	at java.util.concurrent.ForkJoinPool.scan(ForkJoinPool.java:1655) [?:?]
	at java.util.concurrent.ForkJoinPool.runWorker(ForkJoinPool.java:1622) [?:?]
	at java.util.concurrent.ForkJoinWorkerThread.run(ForkJoinWorkerThread.java:165) [?:?]
[09:31:24] [Render thread/INFO] (Minecraft) Narrator library successfully loaded
[09:31:24] [Render thread/INFO] (Minecraft) Reloading ResourceManager: Default, Fabric Mods (Fabric Biome API (v1), Fabric Rendering Data Attachment (v1), Fabric Resource Loader (v0), Mod Menu, Fabric Resource Conditions API (v1), Fabric Rendering Fluids (v1), Fabric Block API (v1), Fabric Renderer - Indigo, Fabric Textures (v0), Fabric Command API (v2), Fabric Content Registries (v0), Fabric Item Groups (v0), Fabric Client Tags, Fabric Key Binding API (v1), Fabric Transfer API (v1), Fabric Entity Events (v1), Fabric BlockRenderLayer Registration (v1), Fabric Registry Sync (v0), Fabric Message API (v1), Fabric Networking API (v1), Fabric Transitive Access Wideners (v1), Fabric Screen Handler API (v1), Fabric API, Fabric Game Test API (v1), Fabric Events Interaction (v0), Fabric Particles (v1), Fabric Loot API (v2), Fabric Game Rule API (v1), Fabric Screen API (v1), Fabric Data Generation API (v1), Fabric Dimensions API (v1), Fabric Rendering (v1), Fabric Lifecycle Events (v1), Fabric Models (v0), Fabric API Lookup API (v1), Fabric Sound API (v1), Fabric Item API (v1), Fabric Object Builder API (v1), Fabric Mining Level API (v1), Fabric Renderer API (v1), Fabric API Base, Fabric Loader, Fabric Crash Report Info (v1), Utilized Copper, Fabric Recipe API (v1), Fabric Convention Tags)
[09:31:25] [Realms Notification Availability checker #1/INFO] (Minecraft) Could not authorize you against Realms server: Invalid session id
[09:31:31] [Render thread/WARN] (Minecraft) Missing sound for event: minecraft:item.goat_horn.play
[09:31:31] [Render thread/WARN] (Minecraft) Missing sound for event: minecraft:entity.goat.screaming.horn_break
[09:31:31] [Render thread/INFO] (Minecraft) OpenAL initialized on device HyperX Cloud Stinger Core Wireless DTS Analog Stereo
[09:31:31] [Render thread/INFO] (Minecraft) Sound engine started
[09:31:32] [Render thread/INFO] (Minecraft) Created: 1024x1024x4 minecraft:textures/atlas/blocks.png-atlas
[09:31:32] [Render thread/INFO] (Minecraft) Created: 256x128x4 minecraft:textures/atlas/signs.png-atlas
[09:31:32] [Render thread/INFO] (Minecraft) Created: 1024x512x4 minecraft:textures/atlas/banner_patterns.png-atlas
[09:31:32] [Render thread/INFO] (Minecraft) Created: 1024x512x4 minecraft:textures/atlas/shield_patterns.png-atlas
[09:31:32] [Render thread/INFO] (Minecraft) Created: 256x256x4 minecraft:textures/atlas/chest.png-atlas
[09:31:32] [Render thread/INFO] (Minecraft) Created: 512x256x4 minecraft:textures/atlas/beds.png-atlas
[09:31:32] [Render thread/INFO] (Minecraft) Created: 512x256x4 minecraft:textures/atlas/shulker_boxes.png-atlas
[09:31:35] [Render thread/WARN] (Minecraft) Shader rendertype_entity_translucent_emissive could not find sampler named Sampler2 in the specified shader program.
[09:31:35] [Render thread/INFO] (Minecraft) Created: 512x256x0 minecraft:textures/atlas/particles.png-atlas
[09:31:35] [Render thread/INFO] (Minecraft) Created: 256x256x0 minecraft:textures/atlas/paintings.png-atlas
[09:31:35] [Render thread/INFO] (Minecraft) Created: 256x128x0 minecraft:textures/atlas/mob_effects.png-atlas
[09:31:47] [Render thread/INFO] (Minecraft) Loaded 7 recipes
[09:31:47] [Render thread/INFO] (Minecraft) Loaded 1179 advancements
[09:31:51] [Worker-Main-9/ERROR] (Minecraft) Failed to retrieve profile key pair
java.io.IOException: Could not retrieve profile key pair
	at net.minecraft.client.util.ProfileKeys.fetchKeyPair(ProfileKeys.java:175) ~[minecraft-merged-project-root-1.19.2-net.fabricmc.yarn.1_19_2.1.19.2+build.28-v2.jar:?]
	at net.minecraft.client.util.ProfileKeys.method_44291(ProfileKeys.java:79) ~[minecraft-merged-project-root-1.19.2-net.fabricmc.yarn.1_19_2.1.19.2+build.28-v2.jar:?]
	at java.util.concurrent.CompletableFuture$AsyncSupply.run(CompletableFuture.java:1768) [?:?]
	at java.util.concurrent.CompletableFuture$AsyncSupply.exec(CompletableFuture.java:1760) [?:?]
	at java.util.concurrent.ForkJoinTask.doExec(ForkJoinTask.java:373) [?:?]
	at java.util.concurrent.ForkJoinPool$WorkQueue.topLevelExec(ForkJoinPool.java:1182) [?:?]
	at java.util.concurrent.ForkJoinPool.scan(ForkJoinPool.java:1655) [?:?]
	at java.util.concurrent.ForkJoinPool.runWorker(ForkJoinPool.java:1622) [?:?]
	at java.util.concurrent.ForkJoinWorkerThread.run(ForkJoinWorkerThread.java:165) [?:?]
[09:31:51] [Render thread/INFO] (BiomeModificationImpl) Applied 0 biome modifications to 0 of 63 new biomes in 3.982 ms
[09:31:51] [Server thread/INFO] (Minecraft) Starting integrated minecraft server version 1.19.2
[09:31:51] [Server thread/INFO] (Minecraft) Generating keypair
[09:31:53] [Server thread/INFO] (Minecraft) Preparing start region for dimension minecraft:overworld
[09:32:14] [Render thread/INFO] (Minecraft) Preparing spawn area: 0%
[09:32:14] [Render thread/INFO] (Minecraft) Preparing spawn area: 0%
[09:32:14] [Render thread/INFO] (Minecraft) Preparing spawn area: 0%
[09:32:14] [Render thread/INFO] (Minecraft) Preparing spawn area: 0%
[09:32:14] [Render thread/INFO] (Minecraft) Preparing spawn area: 0%
[09:32:14] [Render thread/INFO] (Minecraft) Preparing spawn area: 0%
[09:32:14] [Render thread/INFO] (Minecraft) Preparing spawn area: 0%
[09:32:14] [Render thread/INFO] (Minecraft) Preparing spawn area: 0%
[09:32:14] [Render thread/INFO] (Minecraft) Preparing spawn area: 0%
[09:32:14] [Render thread/INFO] (Minecraft) Preparing spawn area: 0%
[09:32:14] [Render thread/INFO] (Minecraft) Preparing spawn area: 0%
[09:32:14] [Render thread/INFO] (Minecraft) Preparing spawn area: 0%
[09:32:14] [Render thread/INFO] (Minecraft) Preparing spawn area: 0%
[09:32:14] [Render thread/INFO] (Minecraft) Preparing spawn area: 0%
[09:32:14] [Render thread/INFO] (Minecraft) Preparing spawn area: 0%
[09:32:14] [Render thread/INFO] (Minecraft) Preparing spawn area: 0%
[09:32:14] [Render thread/INFO] (Minecraft) Preparing spawn area: 0%
[09:32:14] [Render thread/INFO] (Minecraft) Preparing spawn area: 0%
[09:32:14] [Render thread/INFO] (Minecraft) Preparing spawn area: 0%
[09:32:14] [Render thread/INFO] (Minecraft) Preparing spawn area: 0%
[09:32:14] [Render thread/INFO] (Minecraft) Preparing spawn area: 0%
[09:32:14] [Render thread/INFO] (Minecraft) Preparing spawn area: 0%
[09:32:14] [Render thread/INFO] (Minecraft) Preparing spawn area: 0%
[09:32:14] [Render thread/INFO] (Minecraft) Preparing spawn area: 0%
[09:32:14] [Render thread/INFO] (Minecraft) Preparing spawn area: 0%
[09:32:14] [Render thread/INFO] (Minecraft) Preparing spawn area: 0%
[09:32:14] [Render thread/INFO] (Minecraft) Preparing spawn area: 0%
[09:32:14] [Render thread/INFO] (Minecraft) Preparing spawn area: 0%
[09:32:14] [Render thread/INFO] (Minecraft) Preparing spawn area: 0%
[09:32:14] [Render thread/INFO] (Minecraft) Preparing spawn area: 0%
[09:32:14] [Render thread/INFO] (Minecraft) Preparing spawn area: 0%
[09:32:14] [Render thread/INFO] (Minecraft) Preparing spawn area: 0%
[09:32:14] [Render thread/INFO] (Minecraft) Preparing spawn area: 0%
[09:32:14] [Render thread/INFO] (Minecraft) Preparing spawn area: 0%
[09:32:14] [Render thread/INFO] (Minecraft) Preparing spawn area: 0%
[09:32:14] [Render thread/INFO] (Minecraft) Preparing spawn area: 0%
[09:32:14] [Render thread/INFO] (Minecraft) Preparing spawn area: 0%
[09:32:14] [Render thread/INFO] (Minecraft) Preparing spawn area: 0%
[09:32:14] [Render thread/INFO] (Minecraft) Preparing spawn area: 0%
[09:32:14] [Render thread/INFO] (Minecraft) Preparing spawn area: 0%
[09:32:14] [Render thread/INFO] (Minecraft) Preparing spawn area: 0%
[09:32:14] [Render thread/INFO] (Minecraft) Preparing spawn area: 0%
[09:32:14] [Render thread/INFO] (Minecraft) Preparing spawn area: 0%
[09:32:14] [Render thread/INFO] (Minecraft) Preparing spawn area: 0%
[09:32:15] [Render thread/INFO] (Minecraft) Preparing spawn area: 0%
[09:32:15] [Render thread/INFO] (Minecraft) Preparing spawn area: 1%
[09:32:16] [Render thread/INFO] (Minecraft) Preparing spawn area: 6%
[09:32:16] [Render thread/INFO] (Minecraft) Preparing spawn area: 18%
[09:32:17] [Render thread/INFO] (Minecraft) Preparing spawn area: 31%
[09:32:17] [Render thread/INFO] (Minecraft) Preparing spawn area: 44%
[09:32:18] [Render thread/INFO] (Minecraft) Preparing spawn area: 48%
[09:32:18] [Render thread/INFO] (Minecraft) Preparing spawn area: 64%
[09:32:19] [Render thread/INFO] (Minecraft) Preparing spawn area: 83%
[09:32:19] [Render thread/INFO] (Minecraft) Preparing spawn area: 96%
[09:32:19] [Render thread/INFO] (Minecraft) Time elapsed: 26857 ms
[09:32:20] [Server thread/INFO] (Minecraft) Changing view distance to 8, from 10
[09:32:20] [Server thread/INFO] (Minecraft) Changing simulation distance to 8, from 0
[09:32:22] [Server thread/WARN] (Minecraft) Can't keep up! Is the server overloaded? Running 2025ms or 40 ticks behind
[09:32:22] [Server thread/INFO] (Minecraft) Player4[local:E:a689973b] logged in with entity id 234 at (56.72217399389685, 63.0, -7.747833285618427)
[09:32:23] [Server thread/INFO] (Minecraft) Player4 joined the game
[09:32:28] [Render thread/INFO] (Minecraft) Loaded 0 advancements
[09:32:30] [Render thread/WARN] (Minecraft) Unable to play empty soundEvent: minecraft:entity.salmon.ambient
[09:32:44] [Server thread/WARN] (Minecraft) Can't keep up! Is the server overloaded? Running 7599ms or 151 ticks behind
[09:32:50] [Server thread/INFO] (Minecraft) Saving and pausing game...
[09:32:51] [Server thread/INFO] (Minecraft) Saving chunks for level 'ServerLevel[New World]'/minecraft:overworld
[09:32:56] [Server thread/INFO] (Minecraft) Saving chunks for level 'ServerLevel[New World]'/minecraft:the_nether
[09:32:56] [Server thread/INFO] (Minecraft) Saving chunks for level 'ServerLevel[New World]'/minecraft:the_end
[09:32:58] [Server thread/INFO] (Minecraft) Player4 lost connection: Disconnected
[09:32:58] [Server thread/INFO] (Minecraft) Player4 left the game
[09:32:58] [Server thread/INFO] (Minecraft) Stopping singleplayer server as player logged out
[09:32:59] [Server thread/INFO] (Minecraft) Stopping server
[09:32:59] [Server thread/INFO] (Minecraft) Saving players
[09:32:59] [Server thread/INFO] (Minecraft) Saving worlds
[09:33:05] [Server thread/INFO] (Minecraft) Saving chunks for level 'ServerLevel[New World]'/minecraft:overworld
[09:33:05] [Server thread/INFO] (Minecraft) Saving chunks for level 'ServerLevel[New World]'/minecraft:the_nether
[09:33:05] [Server thread/INFO] (Minecraft) Saving chunks for level 'ServerLevel[New World]'/minecraft:the_end
[09:33:05] [Server thread/INFO] (Minecraft) ThreadedAnvilChunkStorage (New World): All chunks are saved
[09:33:05] [Server thread/INFO] (Minecraft) ThreadedAnvilChunkStorage (DIM-1): All chunks are saved
[09:33:05] [Server thread/INFO] (Minecraft) ThreadedAnvilChunkStorage (DIM1): All chunks are saved
[09:33:05] [Server thread/INFO] (Minecraft) ThreadedAnvilChunkStorage: All dimensions are saved
[09:33:06] [Render thread/INFO] (Minecraft) Stopping!
